<?xml version="1.0" encoding="UTF-8"?>
<!-- Generated by org.testng.reporters.JUnitXMLReporter -->
<testsuite ignored="0" hostname="ECO711" failures="0" tests="4" name="Surefire test" time="0.03" errors="0" timestamp="2020-12-15T13:42:04 IST">
  <testcase classname="com.qa.test.DemoTest" name="Div" time="0.004"/>
  <testcase classname="com.qa.test.DemoTest" name="mul" time="0.0"/>
  <testcase classname="com.qa.test.DemoTest" name="sub" time="0.0"/>
  <testcase classname="com.qa.test.DemoTest" name="sum" time="0.0"/>
</testsuite> <!-- Surefire test -->
