<?xml version="1.0" encoding="UTF-8"?>
<!-- Generated by org.testng.reporters.JUnitXMLReporter -->
<testsuite ignored="0" hostname="ECO711" failures="0" tests="5" name="Default test" time="12.65" errors="0" timestamp="2020-12-15T16:01:03 IST">
  <testcase classname="com.qa.test.DemoTest" name="Div" time="0.008"/>
  <testcase classname="com.qa.test.DemoTest" name="TestD" time="12.609"/>
  <testcase classname="com.qa.test.DemoTest" name="mul" time="0.001"/>
  <testcase classname="com.qa.test.DemoTest" name="sub" time="0.001"/>
  <testcase classname="com.qa.test.DemoTest" name="sum" time="0.001"/>
</testsuite> <!-- Default test -->
