<?xml version="1.0" encoding="UTF-8"?>
<testng-results ignored="0" total="5" passed="5" failed="0" skipped="0">
  <reporter-output>
  </reporter-output>
  <suite started-at="2020-12-15T16:01:22 IST" name="Surefire suite" finished-at="2020-12-15T16:01:34 IST" duration-ms="12377">
    <groups>
    </groups>
    <test started-at="2020-12-15T16:01:22 IST" name="Surefire test" finished-at="2020-12-15T16:01:34 IST" duration-ms="12377">
      <class name="com.qa.test.DemoTest">
        <test-method signature="Div()[pri:0, instance:com.qa.test.DemoTest@15b3e5b]" started-at="2020-12-15T16:01:22 IST" name="Div" finished-at="2020-12-15T16:01:22 IST" duration-ms="5" status="PASS">
          <reporter-output>
          </reporter-output>
        </test-method> <!-- Div -->
        <test-method signature="TestD()[pri:0, instance:com.qa.test.DemoTest@15b3e5b]" started-at="2020-12-15T16:01:22 IST" name="TestD" finished-at="2020-12-15T16:01:34 IST" duration-ms="12344" status="PASS">
          <reporter-output>
          </reporter-output>
        </test-method> <!-- TestD -->
        <test-method signature="mul()[pri:0, instance:com.qa.test.DemoTest@15b3e5b]" started-at="2020-12-15T16:01:34 IST" name="mul" finished-at="2020-12-15T16:01:34 IST" duration-ms="0" status="PASS">
          <reporter-output>
          </reporter-output>
        </test-method> <!-- mul -->
        <test-method signature="sub()[pri:0, instance:com.qa.test.DemoTest@15b3e5b]" started-at="2020-12-15T16:01:34 IST" name="sub" finished-at="2020-12-15T16:01:34 IST" duration-ms="0" status="PASS">
          <reporter-output>
          </reporter-output>
        </test-method> <!-- sub -->
        <test-method signature="sum()[pri:0, instance:com.qa.test.DemoTest@15b3e5b]" started-at="2020-12-15T16:01:34 IST" name="sum" finished-at="2020-12-15T16:01:34 IST" duration-ms="0" status="PASS">
          <reporter-output>
          </reporter-output>
        </test-method> <!-- sum -->
      </class> <!-- com.qa.test.DemoTest -->
    </test> <!-- Surefire test -->
  </suite> <!-- Surefire suite -->
</testng-results>
