<?xml version="1.0" encoding="UTF-8"?>
<testng-results ignored="0" total="4" passed="4" failed="0" skipped="0">
  <reporter-output>
  </reporter-output>
  <suite started-at="2020-12-15T13:42:04 IST" name="Surefire suite" finished-at="2020-12-15T13:42:04 IST" duration-ms="30">
    <groups>
    </groups>
    <test started-at="2020-12-15T13:42:04 IST" name="Surefire test" finished-at="2020-12-15T13:42:04 IST" duration-ms="30">
      <class name="com.qa.test.DemoTest">
        <test-method signature="Div()[pri:0, instance:com.qa.test.DemoTest@6d3af739]" started-at="2020-12-15T13:42:04 IST" name="Div" finished-at="2020-12-15T13:42:04 IST" duration-ms="4" status="PASS">
          <reporter-output>
          </reporter-output>
        </test-method> <!-- Div -->
        <test-method signature="mul()[pri:0, instance:com.qa.test.DemoTest@6d3af739]" started-at="2020-12-15T13:42:04 IST" name="mul" finished-at="2020-12-15T13:42:04 IST" duration-ms="0" status="PASS">
          <reporter-output>
          </reporter-output>
        </test-method> <!-- mul -->
        <test-method signature="sum()[pri:0, instance:com.qa.test.DemoTest@6d3af739]" started-at="2020-12-15T13:42:04 IST" name="sum" finished-at="2020-12-15T13:42:04 IST" duration-ms="0" status="PASS">
          <reporter-output>
          </reporter-output>
        </test-method> <!-- sum -->
        <test-method signature="sub()[pri:0, instance:com.qa.test.DemoTest@6d3af739]" started-at="2020-12-15T13:42:04 IST" name="sub" finished-at="2020-12-15T13:42:04 IST" duration-ms="0" status="PASS">
          <reporter-output>
          </reporter-output>
        </test-method> <!-- sub -->
      </class> <!-- com.qa.test.DemoTest -->
    </test> <!-- Surefire test -->
  </suite> <!-- Surefire suite -->
</testng-results>
